INFO:ScoreboardDownloader:Getting scoreboards for date 01/24/2018...
ERROR:ScoreboardApi:(1062, "Leaf Error (127.0.0.1:3307): Duplicate entry '21700708' for key 'PRIMARY'")
INFO:ScoreboardDownloader:Getting scoreboards for date 02/02/2018...
ERROR:ScoreboardApi:(1062, "Leaf Error (127.0.0.1:3307): Duplicate entry '21700769' for key 'PRIMARY'")
INFO:ScoreboardDownloader:Getting scoreboards for date 11/05/1996...
ERROR:BoxScoreApi:(1064, 'You have an error in your SQL syntax; check the manual that corresponds to your MySQL server version for the right syntax to use near \'DNP -  Injured, Not with team"",\n                "NULL",\n                NULL,\n \' at line 9')
INFO:ScoreboardDownloader:Getting scoreboards for date 11/07/1996...
ERROR:BoxScoreApi:(1064, 'You have an error in your SQL syntax; check the manual that corresponds to your MySQL server version for the right syntax to use near \'DNP - Injured, not with team"",\n                "NULL",\n                NULL,\n  \' at line 9')
INFO:ScoreboardDownloader:Getting scoreboards for date 11/16/1996...
ERROR:BoxScoreApi:(1064, 'You have an error in your SQL syntax; check the manual that corresponds to your MySQL server version for the right syntax to use near \'NWT - Tendinitis, Right Knee"",\n                "NULL",\n                NULL,\n  \' at line 9')
INFO:ScoreboardDownloader:Getting scoreboards for date 11/24/1996...
ERROR:BoxScoreApi:(1064, 'You have an error in your SQL syntax; check the manual that corresponds to your MySQL server version for the right syntax to use near \'NWT - Broken Big Toe, Right Foot"",\n                "NULL",\n                NULL\' at line 9')
INFO:ScoreboardDownloader:Getting scoreboards for date 12/06/1996...
ERROR:BoxScoreApi:(1064, 'You have an error in your SQL syntax; check the manual that corresponds to your MySQL server version for the right syntax to use near \'DNP - Not With Team, Sprained Ankle"",\n                "NULL",\n                N\' at line 9')
INFO:ScoreboardDownloader:Getting scoreboards for date 12/14/1996...
ERROR:BoxScoreApi:(1064, 'You have an error in your SQL syntax; check the manual that corresponds to your MySQL server version for the right syntax to use near \'DNP - Did Not Dress, Injury - wrist"",\n                "NULL",\n                N\' at line 9')
ERROR:BoxScoreApi:(1064, 'You have an error in your SQL syntax; check the manual that corresponds to your MySQL server version for the right syntax to use near \'DNP - Not With Team, Injury - Hamstring",\n                "NULL",\n              \' at line 9')
INFO:ScoreboardDownloader:Getting scoreboards for date 12/18/1996...
ERROR:BoxScoreApi:(1064, 'You have an error in your SQL syntax; check the manual that corresponds to your MySQL server version for the right syntax to use near \'DND - Broken bone, 5th finger left hand",\n                "NULL",\n              \' at line 9')
INFO:ScoreboardDownloader:Getting scoreboards for date 12/28/1996...
ERROR:BoxScoreApi:(1064, 'You have an error in your SQL syntax; check the manual that corresponds to your MySQL server version for the right syntax to use near \'NWT - Ligament, Right Wrist"",\n                "NULL",\n                NULL,\n   \' at line 9')
INFO:ScoreboardDownloader:Getting scoreboards for date 01/04/1997...
ERROR:BoxScoreApi:(1064, 'You have an error in your SQL syntax; check the manual that corresponds to your MySQL server version for the right syntax to use near \'DNP - Not With Team - Injured, back"",\n                "NULL",\n                N\' at line 9')
ERROR:BoxScoreApi:(1064, 'You have an error in your SQL syntax; check the manual that corresponds to your MySQL server version for the right syntax to use near \'DNP - Not With Team - Injured, back"",\n                "NULL",\n                N\' at line 9')
INFO:ScoreboardDownloader:Getting scoreboards for date 01/08/1997...
ERROR:BoxScoreApi:(1064, 'You have an error in your SQL syntax; check the manual that corresponds to your MySQL server version for the right syntax to use near \'DND - Sprained AC Joint, Rt Shoulder"",\n                "NULL",\n                \' at line 9')
INFO:ScoreboardDownloader:Getting scoreboards for date 01/20/1997...
ERROR:BoxScoreApi:(1064, 'You have an error in your SQL syntax; check the manual that corresponds to your MySQL server version for the right syntax to use near \'DNP - Did Not Dress, Injury - knee"",\n                "NULL",\n                NU\' at line 9')
INFO:ScoreboardDownloader:Getting scoreboards for date 01/28/1997...
ERROR:BoxScoreApi:(1064, 'You have an error in your SQL syntax; check the manual that corresponds to your MySQL server version for the right syntax to use near \'NWT - Arthroscopy, Right Shoulder"",\n                "NULL",\n                NUL\' at line 9')
ERROR:BoxScoreApi:(1064, 'You have an error in your SQL syntax; check the manual that corresponds to your MySQL server version for the right syntax to use near \'DNP - Did Not Dress, Injury-Foot"",\n                "NULL",\n                NULL\' at line 9')
INFO:ScoreboardDownloader:Getting scoreboards for date 01/29/1997...
ERROR:BoxScoreApi:(1064, 'You have an error in your SQL syntax; check the manual that corresponds to your MySQL server version for the right syntax to use near \'DND - Sprained Big Toe, Right Foot"",\n                "NULL",\n                NU\' at line 9')
ERROR:BoxScoreApi:(1064, 'You have an error in your SQL syntax; check the manual that corresponds to your MySQL server version for the right syntax to use near \'DND - Fracture, foot orbit, right eye."",\n                "NULL",\n              \' at line 9')
INFO:ScoreboardDownloader:Getting scoreboards for date 01/30/1997...
ERROR:BoxScoreApi:(1064, 'You have an error in your SQL syntax; check the manual that corresponds to your MySQL server version for the right syntax to use near \'DNP - Did Not Dress, Injured Achilles"",\n                "NULL",\n               \' at line 9')
INFO:ScoreboardDownloader:Getting scoreboards for date 01/31/1997...
ERROR:BoxScoreApi:(1064, 'You have an error in your SQL syntax; check the manual that corresponds to your MySQL server version for the right syntax to use near \'DND - Sprained Big Toe, Right Foot"",\n                "NULL",\n                NU\' at line 9')
ERROR:BoxScoreApi:(1064, 'You have an error in your SQL syntax; check the manual that corresponds to your MySQL server version for the right syntax to use near \'DND - Fracture, foot orbit, right eye."",\n                "NULL",\n              \' at line 9')
INFO:ScoreboardDownloader:Getting scoreboards for date 02/01/1997...
ERROR:BoxScoreApi:(1064, 'You have an error in your SQL syntax; check the manual that corresponds to your MySQL server version for the right syntax to use near \'DND - Sprained Big Toe, Right Foot"",\n                "NULL",\n                NU\' at line 9')
INFO:ScoreboardDownloader:Getting scoreboards for date 02/03/1997...
ERROR:BoxScoreApi:(1064, 'You have an error in your SQL syntax; check the manual that corresponds to your MySQL server version for the right syntax to use near \'DND - Fracture, foot orbit, right eye."",\n                "NULL",\n              \' at line 9')
ERROR:BoxScoreApi:(1064, 'You have an error in your SQL syntax; check the manual that corresponds to your MySQL server version for the right syntax to use near \'DNP - Did Not Dress - Injury, hamstring",\n                "NULL",\n              \' at line 9')
INFO:ScoreboardDownloader:Getting scoreboards for date 02/04/1997...
ERROR:BoxScoreApi:(1064, 'You have an error in your SQL syntax; check the manual that corresponds to your MySQL server version for the right syntax to use near \'DNT - Mild sprain, right MCL."",\n                "NULL",\n                NULL,\n \' at line 9')
INFO:ScoreboardDownloader:Getting scoreboards for date 02/05/1997...
ERROR:BoxScoreApi:(1064, 'You have an error in your SQL syntax; check the manual that corresponds to your MySQL server version for the right syntax to use near \'DND - Sprained Big Toe, Right Foot"",\n                "NULL",\n                NU\' at line 9')
INFO:ScoreboardDownloader:Getting scoreboards for date 02/06/1997...
ERROR:BoxScoreApi:(1064, 'You have an error in your SQL syntax; check the manual that corresponds to your MySQL server version for the right syntax to use near \'DND - Tendinitis, right quadricep"",\n                "NULL",\n                NUL\' at line 9')
ERROR:BoxScoreApi:(1064, 'You have an error in your SQL syntax; check the manual that corresponds to your MySQL server version for the right syntax to use near \'NWT - Fracture, orbit right eye"",\n                "NULL",\n                NULL,\' at line 9')
ERROR:BoxScoreApi:(1064, 'You have an error in your SQL syntax; check the manual that corresponds to your MySQL server version for the right syntax to use near \'DNP - DND; Bone spurs, right ankle"",\n                "NULL",\n                NU\' at line 9')
INFO:ScoreboardDownloader:Getting scoreboards for date 02/07/1997...
ERROR:BoxScoreApi:(1064, 'You have an error in your SQL syntax; check the manual that corresponds to your MySQL server version for the right syntax to use near \'DND- Chronic tendinitis, right quadrice",\n                "NULL",\n              \' at line 9')
INFO:ScoreboardDownloader:Getting scoreboards for date 02/16/1997...
ERROR:BoxScoreApi:(1064, 'You have an error in your SQL syntax; check the manual that corresponds to your MySQL server version for the right syntax to use near \'DNP - Not With Team - Injury,tendinitis",\n                "NULL",\n              \' at line 9')
ERROR:BoxScoreApi:(1064, 'You have an error in your SQL syntax; check the manual that corresponds to your MySQL server version for the right syntax to use near \'DNP - Not With Team - Injury, R. wrist"",\n                "NULL",\n              \' at line 9')
ERROR:BoxScoreApi:(1064, 'You have an error in your SQL syntax; check the manual that corresponds to your MySQL server version for the right syntax to use near \'DNP - Did Not Dress - Injury, L. hamstr",\n                "NULL",\n              \' at line 9')
INFO:ScoreboardDownloader:Getting scoreboards for date 02/19/1997...
ERROR:BoxScoreApi:(1064, 'You have an error in your SQL syntax; check the manual that corresponds to your MySQL server version for the right syntax to use near \'DND - Chronic tendinitis, right quadric",\n                "NULL",\n              \' at line 9')
INFO:ScoreboardDownloader:Getting scoreboards for date 02/20/1997...
ERROR:BoxScoreApi:(1064, 'You have an error in your SQL syntax; check the manual that corresponds to your MySQL server version for the right syntax to use near \'DND - Chronic tendinitis, right quadric",\n                "NULL",\n              \' at line 9')
INFO:ScoreboardDownloader:Getting scoreboards for date 02/22/1997...
ERROR:BoxScoreApi:(1064, 'You have an error in your SQL syntax; check the manual that corresponds to your MySQL server version for the right syntax to use near \'DND - Torn Plantar Fascia, Right Foot"",\n                "NULL",\n               \' at line 9')
ERROR:BoxScoreApi:(1064, 'You have an error in your SQL syntax; check the manual that corresponds to your MySQL server version for the right syntax to use near \'DNP - Did Not Dress - Injury, R. Thigh"",\n                "NULL",\n              \' at line 9')
INFO:ScoreboardDownloader:Getting scoreboards for date 02/24/1997...
ERROR:BoxScoreApi:(1064, 'You have an error in your SQL syntax; check the manual that corresponds to your MySQL server version for the right syntax to use near \'DND - Chronic tendinitis, right quadric",\n                "NULL",\n              \' at line 9')
INFO:ScoreboardDownloader:Getting scoreboards for date 02/25/1997...
ERROR:BoxScoreApi:(1064, 'You have an error in your SQL syntax; check the manual that corresponds to your MySQL server version for the right syntax to use near \'DND - Torn Plantar Fascia, Right Foot"",\n                "NULL",\n               \' at line 9')
INFO:ScoreboardDownloader:Getting scoreboards for date 03/01/1997...
ERROR:BoxScoreApi:(1064, 'You have an error in your SQL syntax; check the manual that corresponds to your MySQL server version for the right syntax to use near \'Did Not Dress - Bone Bruise, Right Foot",\n                "NULL",\n              \' at line 9')
INFO:ScoreboardDownloader:Getting scoreboards for date 03/10/1997...
ERROR:BoxScoreApi:(1064, 'You have an error in your SQL syntax; check the manual that corresponds to your MySQL server version for the right syntax to use near \'DNT - Laceration, bruise left pelvis."",\n                "NULL",\n               \' at line 9')
ERROR:BoxScoreApi:(1064, 'You have an error in your SQL syntax; check the manual that corresponds to your MySQL server version for the right syntax to use near \'DND - Surgery, right quadriceps."",\n                "NULL",\n                NULL\' at line 9')
ERROR:BoxScoreApi:(1064, 'You have an error in your SQL syntax; check the manual that corresponds to your MySQL server version for the right syntax to use near \'Did Not Dress - Bone Bruise, Right Foot",\n                "NULL",\n              \' at line 9')
INFO:ScoreboardDownloader:Getting scoreboards for date 03/12/1997...
ERROR:BoxScoreApi:(1064, 'You have an error in your SQL syntax; check the manual that corresponds to your MySQL server version for the right syntax to use near \'DND - Surgery, right quadriceps."",\n                "NULL",\n                NULL\' at line 9')
INFO:ScoreboardDownloader:Getting scoreboards for date 03/15/1997...
ERROR:BoxScoreApi:(1064, 'You have an error in your SQL syntax; check the manual that corresponds to your MySQL server version for the right syntax to use near \'Did Not Dress - Strained Tendon, Rt Ft"",\n                "NULL",\n              \' at line 9')
INFO:ScoreboardDownloader:Getting scoreboards for date 03/16/1997...
ERROR:BoxScoreApi:(1064, 'You have an error in your SQL syntax; check the manual that corresponds to your MySQL server version for the right syntax to use near \'DND - laceration & bruise, left pelvis"",\n                "NULL",\n              \' at line 9')
INFO:ScoreboardDownloader:Getting scoreboards for date 03/17/1997...
ERROR:BoxScoreApi:(1064, 'You have an error in your SQL syntax; check the manual that corresponds to your MySQL server version for the right syntax to use near \'DNP - Surgery, right quadriceps."",\n                "NULL",\n                NULL\' at line 9')
INFO:ScoreboardDownloader:Getting scoreboards for date 03/18/1997...
ERROR:BoxScoreApi:(1064, 'You have an error in your SQL syntax; check the manual that corresponds to your MySQL server version for the right syntax to use near \'Did Not Dress - Bone Bruise, Rt Foot"",\n                "NULL",\n                \' at line 9')
INFO:ScoreboardDownloader:Getting scoreboards for date 03/19/1997...
ERROR:BoxScoreApi:(1064, 'You have an error in your SQL syntax; check the manual that corresponds to your MySQL server version for the right syntax to use near \'Did Not Travel - Surgery, Rt Quadriceps",\n                "NULL",\n              \' at line 9')
ERROR:BoxScoreApi:(1064, 'You have an error in your SQL syntax; check the manual that corresponds to your MySQL server version for the right syntax to use near \'Did Not Dress - Bone Bruise, Rt Foot"",\n                "NULL",\n                \' at line 9')
ERROR:BoxScoreApi:(1064, 'You have an error in your SQL syntax; check the manual that corresponds to your MySQL server version for the right syntax to use near \'with team - Bone spur, left foot"",\n                "NULL",\n                NULL\' at line 9')
INFO:ScoreboardDownloader:Getting scoreboards for date 03/21/1997...
ERROR:BoxScoreApi:(1064, 'You have an error in your SQL syntax; check the manual that corresponds to your MySQL server version for the right syntax to use near \'DNT - strained tendon, right foot"",\n                "NULL",\n                NUL\' at line 9')
INFO:ScoreboardDownloader:Getting scoreboards for date 03/22/1997...
ERROR:BoxScoreApi:(1064, 'You have an error in your SQL syntax; check the manual that corresponds to your MySQL server version for the right syntax to use near \'DNT- Surgery, right quadriceps."",\n                "NULL",\n                NULL,\' at line 9')
INFO:ScoreboardDownloader:Getting scoreboards for date 03/24/1997...
ERROR:BoxScoreApi:(1064, 'You have an error in your SQL syntax; check the manual that corresponds to your MySQL server version for the right syntax to use near \'DND - Surgery, right quadriceps."",\n                "NULL",\n                NULL\' at line 9')
INFO:ScoreboardDownloader:Getting scoreboards for date 03/26/1997...
ERROR:BoxScoreApi:(1064, 'You have an error in your SQL syntax; check the manual that corresponds to your MySQL server version for the right syntax to use near \'DND - Surgery, right quadriceps."",\n                "NULL",\n                NULL\' at line 9')
INFO:ScoreboardDownloader:Getting scoreboards for date 03/28/1997...
ERROR:BoxScoreApi:(1064, 'You have an error in your SQL syntax; check the manual that corresponds to your MySQL server version for the right syntax to use near \'DND - Surgery, right quadriceps."",\n                "NULL",\n                NULL\' at line 9')
INFO:ScoreboardDownloader:Getting scoreboards for date 03/30/1997...
ERROR:BoxScoreApi:(1064, 'You have an error in your SQL syntax; check the manual that corresponds to your MySQL server version for the right syntax to use near \'DND - Surgery, right quadriceps."",\n                "NULL",\n                NULL\' at line 9')
INFO:ScoreboardDownloader:Getting scoreboards for date 04/03/1997...
ERROR:BoxScoreApi:(1064, 'You have an error in your SQL syntax; check the manual that corresponds to your MySQL server version for the right syntax to use near \'DNP - Surgery, right quadricep"",\n                "NULL",\n                NULL,\n\' at line 9')
INFO:ScoreboardDownloader:Getting scoreboards for date 04/06/1997...
ERROR:BoxScoreApi:(1064, 'You have an error in your SQL syntax; check the manual that corresponds to your MySQL server version for the right syntax to use near \'DNP - Did Not Dress - Injury, R. quad."",\n                "NULL",\n              \' at line 9')
INFO:ScoreboardDownloader:Getting scoreboards for date 04/08/1997...
ERROR:BoxScoreApi:(1064, 'You have an error in your SQL syntax; check the manual that corresponds to your MySQL server version for the right syntax to use near \'DND- Bone spur surgery, left foot."",\n                "NULL",\n                NU\' at line 9')
ERROR:BoxScoreApi:(1064, 'You have an error in your SQL syntax; check the manual that corresponds to your MySQL server version for the right syntax to use near \'DND - Surgery, right quadriceps."",\n                "NULL",\n                NULL\' at line 9')
ERROR:BoxScoreApi:(1064, 'You have an error in your SQL syntax; check the manual that corresponds to your MySQL server version for the right syntax to use near \'DND - Patella tendinitis, both knees."",\n                "NULL",\n               \' at line 9')
ERROR:BoxScoreApi:(1064, 'You have an error in your SQL syntax; check the manual that corresponds to your MySQL server version for the right syntax to use near \'DNT - Strained muscle, right hip."",\n                "NULL",\n                NUL\' at line 9')
INFO:ScoreboardDownloader:Getting scoreboards for date 04/09/1997...
ERROR:BoxScoreApi:(1064, 'You have an error in your SQL syntax; check the manual that corresponds to your MySQL server version for the right syntax to use near \'DNP - Not With Team - Injury, L. knee"",\n                "NULL",\n               \' at line 9')
INFO:ScoreboardDownloader:Getting scoreboards for date 04/10/1997...
ERROR:BoxScoreApi:(1064, 'You have an error in your SQL syntax; check the manual that corresponds to your MySQL server version for the right syntax to use near \'DND - Achilles Tendinitis, Left Ankle"",\n                "NULL",\n               \' at line 9')
ERROR:BoxScoreApi:(1064, 'You have an error in your SQL syntax; check the manual that corresponds to your MySQL server version for the right syntax to use near \'NWT - Plantar Fasciitis, Right Foot"",\n                "NULL",\n                N\' at line 9')
ERROR:BoxScoreApi:(1064, 'You have an error in your SQL syntax; check the manual that corresponds to your MySQL server version for the right syntax to use near \'DND - Surgery, right quadriceps."",\n                "NULL",\n                NULL\' at line 9')
ERROR:BoxScoreApi:(1064, 'You have an error in your SQL syntax; check the manual that corresponds to your MySQL server version for the right syntax to use near \'DNP - Surgery, Left Foot"",\n                "NULL",\n                NULL,\n      \' at line 9')
INFO:ScoreboardDownloader:Getting scoreboards for date 04/11/1997...
ERROR:BoxScoreApi:(1064, 'You have an error in your SQL syntax; check the manual that corresponds to your MySQL server version for the right syntax to use near \'DND - Surgery, right quadriceps."",\n                "NULL",\n                NULL\' at line 9')
INFO:ScoreboardDownloader:Getting scoreboards for date 04/17/1997...
ERROR:BoxScoreApi:(1064, 'You have an error in your SQL syntax; check the manual that corresponds to your MySQL server version for the right syntax to use near \'DNP - NWT - Injury, tendinitis r. knee"",\n                "NULL",\n              \' at line 9')
ERROR:BoxScoreApi:(1064, 'You have an error in your SQL syntax; check the manual that corresponds to your MySQL server version for the right syntax to use near \'DNP - NWT - Injury, sprained l. ankle"",\n                "NULL",\n               \' at line 9')
INFO:ScoreboardDownloader:Getting scoreboards for date 04/18/1997...
ERROR:BoxScoreApi:(1064, 'You have an error in your SQL syntax; check the manual that corresponds to your MySQL server version for the right syntax to use near \'DND - Surgery, right quadriceps."",\n                "NULL",\n                NULL\' at line 9')
INFO:ScoreboardDownloader:Getting scoreboards for date 04/20/1997...
ERROR:BoxScoreApi:(1064, 'You have an error in your SQL syntax; check the manual that corresponds to your MySQL server version for the right syntax to use near \'DND - Surgery, right quadriceps."",\n                "NULL",\n                NULL\' at line 9')
INFO:ScoreboardDownloader:Getting scoreboards for date 05/04/1997...
ERROR:BoxScoreApi:(1064, 'You have an error in your SQL syntax; check the manual that corresponds to your MySQL server version for the right syntax to use near \'DND - Torn Ligament, Right Foot"",\n                "NULL",\n                NULL,\' at line 9')
INFO:ScoreboardDownloader:Getting scoreboards for date 10/31/1997...
ERROR:BoxScoreApi:(1064, 'You have an error in your SQL syntax; check the manual that corresponds to your MySQL server version for the right syntax to use near \'DNP - Contusion, Right Knee"",\n                "NULL",\n                NULL,\n   \' at line 9')
INFO:ScoreboardDownloader:Getting scoreboards for date 11/07/1997...
ERROR:BoxScoreApi:(1064, 'You have an error in your SQL syntax; check the manual that corresponds to your MySQL server version for the right syntax to use near \'DND- Contusion, Rt Knee"",\n                "NULL",\n                NULL,\n       \' at line 9')
INFO:ScoreboardDownloader:Getting scoreboards for date 11/14/1997...
ERROR:BoxScoreApi:(1064, 'You have an error in your SQL syntax; check the manual that corresponds to your MySQL server version for the right syntax to use near \'NWT-bulging disk, lower back"",\n                "NULL",\n                NULL,\n  \' at line 9')
INFO:ScoreboardDownloader:Getting scoreboards for date 11/28/1997...
ERROR:BoxScoreApi:(1064, 'You have an error in your SQL syntax; check the manual that corresponds to your MySQL server version for the right syntax to use near \'DND - Tendinitis, both knees"",\n                "NULL",\n                NULL,\n  \' at line 9')
INFO:ScoreboardDownloader:Getting scoreboards for date 12/03/1997...
ERROR:BoxScoreApi:(1064, 'You have an error in your SQL syntax; check the manual that corresponds to your MySQL server version for the right syntax to use near \'DNP - Did Not Dress - Tendinitis, knees",\n                "NULL",\n              \' at line 9')
ERROR:BoxScoreApi:(1064, 'You have an error in your SQL syntax; check the manual that corresponds to your MySQL server version for the right syntax to use near \'DNP - Not With Team - Injured, L. knee"",\n                "NULL",\n              \' at line 9')
ERROR:BoxScoreApi:(1064, 'You have an error in your SQL syntax; check the manual that corresponds to your MySQL server version for the right syntax to use near \'DNP - Not With Team - Injured, back"",\n                "NULL",\n                N\' at line 9')
INFO:ScoreboardDownloader:Getting scoreboards for date 12/09/1997...
ERROR:BoxScoreApi:(1064, 'You have an error in your SQL syntax; check the manual that corresponds to your MySQL server version for the right syntax to use near \'Did Not Dress - Tendinitis, Right Knee"",\n                "NULL",\n              \' at line 9')
INFO:ScoreboardDownloader:Getting scoreboards for date 12/22/1997...
ERROR:BoxScoreApi:(1064, 'You have an error in your SQL syntax; check the manual that corresponds to your MySQL server version for the right syntax to use near \'NWT - Moderate Tear, Left Calf Muscle"",\n                "NULL",\n               \' at line 9')
INFO:ScoreboardDownloader:Getting scoreboards for date 12/23/1997...
ERROR:BoxScoreApi:(1064, 'You have an error in your SQL syntax; check the manual that corresponds to your MySQL server version for the right syntax to use near \'DND- Strained ligament, left knee."",\n                "NULL",\n                NU\' at line 9')
INFO:ScoreboardDownloader:Getting scoreboards for date 01/08/1998...
ERROR:BoxScoreApi:(1064, 'You have an error in your SQL syntax; check the manual that corresponds to your MySQL server version for the right syntax to use near \'DND - Compound Fracture, Nose"",\n                "NULL",\n                NULL,\n \' at line 9')
INFO:ScoreboardDownloader:Getting scoreboards for date 01/17/1998...
ERROR:BoxScoreApi:(1064, 'You have an error in your SQL syntax; check the manual that corresponds to your MySQL server version for the right syntax to use near \'DND-Torn Ligament, Right Thumb"",\n                "NULL",\n                NULL,\n\' at line 9')
INFO:ScoreboardDownloader:Getting scoreboards for date 01/25/1998...
ERROR:BoxScoreApi:(1064, 'You have an error in your SQL syntax; check the manual that corresponds to your MySQL server version for the right syntax to use near \'DND - Plantar Fasciaitis, Left Foot"",\n                "NULL",\n                N\' at line 9')
INFO:ScoreboardDownloader:Getting scoreboards for date 01/28/1998...
ERROR:BoxScoreApi:(1064, 'You have an error in your SQL syntax; check the manual that corresponds to your MySQL server version for the right syntax to use near \'DND- Plantar Fasciaitis, Left Heel."",\n                "NULL",\n                N\' at line 9')
INFO:ScoreboardDownloader:Getting scoreboards for date 01/31/1998...
ERROR:BoxScoreApi:(1064, 'You have an error in your SQL syntax; check the manual that corresponds to your MySQL server version for the right syntax to use near \'DND - Plantar Fasciaitis, Left Heel."",\n                "NULL",\n                \' at line 9')
INFO:ScoreboardDownloader:Getting scoreboards for date 02/02/1998...
ERROR:BoxScoreApi:(1064, 'You have an error in your SQL syntax; check the manual that corresponds to your MySQL server version for the right syntax to use near \'DND - Plantar Fasciaitis, Left Heel."",\n                "NULL",\n                \' at line 9')
INFO:ScoreboardDownloader:Getting scoreboards for date 02/04/1998...
ERROR:BoxScoreApi:(1064, 'You have an error in your SQL syntax; check the manual that corresponds to your MySQL server version for the right syntax to use near \'DND - Stress Fracture, Right Foot"",\n                "NULL",\n                NUL\' at line 9')
INFO:ScoreboardDownloader:Getting scoreboards for date 02/05/1998...
ERROR:BoxScoreApi:(1064, 'You have an error in your SQL syntax; check the manual that corresponds to your MySQL server version for the right syntax to use near \'DND - Tendinitis, Left Ankle"",\n                "NULL",\n                NULL,\n  \' at line 9')
INFO:ScoreboardDownloader:Getting scoreboards for date 02/11/1998...
ERROR:BoxScoreApi:(1064, 'You have an error in your SQL syntax; check the manual that corresponds to your MySQL server version for the right syntax to use near \'DNT- Surgery, right knee."",\n                "NULL",\n                NULL,\n     \' at line 9')