INFO:MyNBA:Downloading players...
INFO:MyNBA:Downloading players...
INFO:PlayerApi:Alex Abrines saved.
INFO:PlayerApi:Quincy Acy saved.
INFO:PlayerApi:Steven Adams saved.
INFO:PlayerApi:Bam Adebayo saved.
INFO:PlayerApi:Arron Afflalo saved.
INFO:PlayerApi:Cole Aldrich saved.
INFO:PlayerApi:LaMarcus Aldridge saved.
INFO:PlayerApi:Jarrett Allen saved.
INFO:PlayerApi:Kadeem Allen saved.
INFO:PlayerApi:Tony Allen saved.
INFO:PlayerApi:Al-Farouq Aminu saved.
INFO:PlayerApi:Justin Anderson saved.
INFO:PlayerApi:Kyle Anderson saved.
INFO:PlayerApi:Ryan Anderson saved.
INFO:PlayerApi:Ike Anigbogu saved.
INFO:PlayerApi:Giannis Antetokounmpo saved.
INFO:PlayerApi:Carmelo Anthony saved.
INFO:PlayerApi:OG Anunoby saved.
INFO:PlayerApi:Ryan Arcidiacono saved.
INFO:PlayerApi:Trevor Ariza saved.
INFO:PlayerApi:Darrell Arthur saved.
INFO:PlayerApi:Jamel Artis saved.
INFO:PlayerApi:Omer Asik saved.
INFO:PlayerApi:D.J. Augustin saved.
INFO:PlayerApi:Luke Babbitt saved.
INFO:PlayerApi:Dwayne Bacon saved.
INFO:PlayerApi:Ron Baker saved.
INFO:PlayerApi:Wade Baldwin IV saved.
INFO:PlayerApi:Lonzo Ball saved.
INFO:PlayerApi:J.J. Barea saved.
INFO:PlayerApi:Harrison Barnes saved.
INFO:PlayerApi:Will Barton saved.
INFO:PlayerApi:Nicolas Batum saved.
INFO:PlayerApi:Jerryd Bayless saved.
INFO:PlayerApi:Aron Baynes saved.
INFO:PlayerApi:Kent Bazemore saved.
INFO:PlayerApi:Bradley Beal saved.
INFO:PlayerApi:Malik Beasley saved.
INFO:PlayerApi:Michael Beasley saved.
INFO:PlayerApi:Marco Belinelli saved.
INFO:PlayerApi:Jordan Bell saved.
INFO:PlayerApi:DeAndre' Bembry saved.
INFO:PlayerApi:Dragan Bender saved.
INFO:PlayerApi:Davis Bertans saved.
INFO:PlayerApi:Patrick Beverley saved.
INFO:PlayerApi:Khem Birch saved.
INFO:PlayerApi:Jabari Bird saved.
INFO:PlayerApi:Bismack Biyombo saved.
INFO:PlayerApi:Nemanja Bjelica saved.
INFO:PlayerApi:Tarik Black saved.
INFO:PlayerApi:Antonio Blakeney saved.
INFO:PlayerApi:Eric Bledsoe saved.
INFO:PlayerApi:Vander Blue saved.
INFO:PlayerApi:Bogdan Bogdanovic saved.
INFO:PlayerApi:Bojan Bogdanovic saved.
INFO:PlayerApi:Andrew Bogut saved.
INFO:PlayerApi:Joel Bolomboy saved.
INFO:PlayerApi:Devin Booker saved.
INFO:PlayerApi:Trevor Booker saved.
INFO:PlayerApi:Chris Boucher saved.
INFO:PlayerApi:Avery Bradley saved.
INFO:PlayerApi:Tony Bradley saved.
INFO:PlayerApi:Corey Brewer saved.
INFO:PlayerApi:Malcolm Brogdon saved.
INFO:PlayerApi:Aaron Brooks saved.
INFO:PlayerApi:Dillon Brooks saved.
INFO:PlayerApi:MarShon Brooks saved.
INFO:PlayerApi:Anthony Brown saved.
INFO:PlayerApi:Bobby Brown saved.
INFO:PlayerApi:Jaylen Brown saved.
INFO:PlayerApi:Lorenzo Brown saved.
INFO:PlayerApi:Markel Brown saved.
INFO:PlayerApi:Sterling Brown saved.
INFO:PlayerApi:Nicolas Brussino saved.
INFO:PlayerApi:Thomas Bryant saved.
INFO:PlayerApi:Reggie Bullock saved.
INFO:PlayerApi:Trey Burke saved.
INFO:PlayerApi:Alec Burks saved.
INFO:PlayerApi:Jimmy Butler saved.
INFO:PlayerApi:Dwight Buycks saved.
INFO:PlayerApi:Bruno Caboclo saved.
INFO:PlayerApi:Jose Calderon saved.
INFO:PlayerApi:Kentavious Caldwell-Pope saved.
INFO:PlayerApi:Isaiah Canaan saved.
INFO:PlayerApi:Clint Capela saved.
INFO:PlayerApi:DeMarre Carroll saved.
INFO:PlayerApi:Vince Carter saved.
INFO:PlayerApi:Michael Carter-Williams saved.
INFO:PlayerApi:Alex Caruso saved.
INFO:PlayerApi:Omri Casspi saved.
INFO:PlayerApi:Willie Cauley-Stein saved.
INFO:PlayerApi:Tyler Cavanaugh saved.
INFO:PlayerApi:Mario Chalmers saved.
INFO:PlayerApi:Tyson Chandler saved.
INFO:PlayerApi:Wilson Chandler saved.
INFO:PlayerApi:Marquese Chriss saved.
INFO:PlayerApi:Ian Clark saved.
INFO:PlayerApi:Jordan Clarkson saved.
INFO:PlayerApi:Gian Clavell saved.
INFO:PlayerApi:Antonius Cleveland saved.
INFO:PlayerApi:John Collins saved.
INFO:PlayerApi:Zach Collins saved.
INFO:PlayerApi:Kyle Collinsworth saved.
INFO:PlayerApi:Darren Collison saved.
INFO:PlayerApi:Nick Collison saved.
INFO:PlayerApi:Mike Conley saved.
INFO:PlayerApi:Pat Connaughton saved.
INFO:PlayerApi:Quinn Cook saved.
INFO:PlayerApi:Charles Cooke saved.
INFO:PlayerApi:Jack Cooley saved.
INFO:PlayerApi:Matt Costello saved.
INFO:PlayerApi:DeMarcus Cousins saved.
INFO:PlayerApi:Robert Covington saved.
INFO:PlayerApi:Allen Crabbe saved.
INFO:PlayerApi:Torrey Craig saved.
INFO:PlayerApi:Jamal Crawford saved.
INFO:PlayerApi:Jordan Crawford saved.
INFO:PlayerApi:Jae Crowder saved.
INFO:PlayerApi:Dante Cunningham saved.
INFO:PlayerApi:Stephen Curry saved.
INFO:PlayerApi:Troy Daniels saved.
INFO:PlayerApi:Anthony Davis saved.
INFO:PlayerApi:Deyonta Davis saved.
INFO:PlayerApi:Ed Davis saved.
INFO:PlayerApi:DeMar DeRozan saved.
INFO:PlayerApi:Dewayne Dedmon saved.
INFO:PlayerApi:Sam Dekker saved.
INFO:PlayerApi:Malcolm Delaney saved.
INFO:PlayerApi:Matthew Dellavedova saved.
INFO:PlayerApi:Luol Deng saved.
INFO:PlayerApi:Cheick Diallo saved.
INFO:PlayerApi:Gorgui Dieng saved.
INFO:PlayerApi:Spencer Dinwiddie saved.
INFO:PlayerApi:Tyler Dorsey saved.
INFO:PlayerApi:Damyean Dotson saved.
INFO:PlayerApi:Milton Doyle saved.
INFO:PlayerApi:PJ Dozier saved.
INFO:PlayerApi:Goran Dragic saved.
INFO:PlayerApi:Larry Drew II saved.
INFO:PlayerApi:Andre Drummond saved.
INFO:PlayerApi:Jared Dudley saved.
INFO:PlayerApi:Kris Dunn saved.
INFO:PlayerApi:Kevin Durant saved.
INFO:PlayerApi:Jarell Eddie saved.
INFO:PlayerApi:Henry Ellenson saved.
INFO:PlayerApi:Wayne Ellington saved.
INFO:PlayerApi:Joel Embiid saved.
INFO:PlayerApi:Tyler Ennis saved.
INFO:PlayerApi:James Ennis III saved.
INFO:PlayerApi:Jawun Evans saved.
INFO:PlayerApi:Jeremy Evans saved.
INFO:PlayerApi:Tyreke Evans saved.
INFO:PlayerApi:Dante Exum saved.
INFO:PlayerApi:Kenneth Faried saved.
INFO:PlayerApi:Derrick Favors saved.
INFO:PlayerApi:Kay Felder saved.
INFO:PlayerApi:Cristiano Felicio saved.
INFO:PlayerApi:Raymond Felton saved.
INFO:PlayerApi:Terrance Ferguson saved.
INFO:PlayerApi:Yogi Ferrell saved.
INFO:PlayerApi:Dorian Finney-Smith saved.
INFO:PlayerApi:Bryn Forbes saved.
INFO:PlayerApi:Evan Fournier saved.
INFO:PlayerApi:De'Aaron Fox saved.
INFO:PlayerApi:Tim Frazier saved.
INFO:PlayerApi:Channing Frye saved.
INFO:PlayerApi:Markelle Fultz saved.
INFO:PlayerApi:Danilo Gallinari saved.
INFO:PlayerApi:Langston Galloway saved.
INFO:PlayerApi:Marc Gasol saved.
INFO:PlayerApi:Pau Gasol saved.
INFO:PlayerApi:Rudy Gay saved.
INFO:PlayerApi:Paul George saved.
INFO:PlayerApi:Marcus Georges-Hunt saved.
INFO:PlayerApi:Jonathan Gibson saved.
INFO:PlayerApi:Taj Gibson saved.
INFO:PlayerApi:Manu Ginobili saved.
INFO:PlayerApi:Rudy Gobert saved.
INFO:PlayerApi:Aaron Gordon saved.
INFO:PlayerApi:Eric Gordon saved.
INFO:PlayerApi:Marcin Gortat saved.
INFO:PlayerApi:Treveon Graham saved.
INFO:PlayerApi:Jerami Grant saved.
INFO:PlayerApi:Jerian Grant saved.
INFO:PlayerApi:Josh Gray saved.
INFO:PlayerApi:Danny Green saved.
INFO:PlayerApi:Draymond Green saved.
INFO:PlayerApi:Gerald Green saved.
INFO:PlayerApi:JaMychal Green saved.
INFO:PlayerApi:Jeff Green saved.
INFO:PlayerApi:Blake Griffin saved.
INFO:PlayerApi:Daniel Hamilton saved.
INFO:PlayerApi:Tim Hardaway Jr. saved.
INFO:PlayerApi:James Harden saved.
INFO:PlayerApi:Maurice Harkless saved.
INFO:PlayerApi:Montrezl Harrell saved.
INFO:PlayerApi:Devin Harris saved.
INFO:PlayerApi:Gary Harris saved.
INFO:PlayerApi:Joe Harris saved.
INFO:PlayerApi:Tobias Harris saved.
INFO:PlayerApi:Aaron Harrison saved.
INFO:PlayerApi:Andrew Harrison saved.
INFO:PlayerApi:Shaquille Harrison saved.
INFO:PlayerApi:Josh Hart saved.
INFO:PlayerApi:Udonis Haslem saved.
INFO:PlayerApi:Nigel Hayes saved.
INFO:PlayerApi:Gordon Hayward saved.
INFO:PlayerApi:Reggie Hearn saved.
INFO:PlayerApi:Myke Henry saved.
INFO:PlayerApi:John Henson saved.
INFO:PlayerApi:Juancho Hernangomez saved.
INFO:PlayerApi:Willy Hernangomez saved.
INFO:PlayerApi:Mario Hezonja saved.
INFO:PlayerApi:Isaiah Hicks saved.
INFO:PlayerApi:Buddy Hield saved.
INFO:PlayerApi:Nene Hilario saved.
INFO:PlayerApi:George Hill saved.
INFO:PlayerApi:Solomon Hill saved.
INFO:PlayerApi:Darrun Hilliard saved.
INFO:PlayerApi:Jrue Holiday saved.
INFO:PlayerApi:Justin Holiday saved.
INFO:PlayerApi:John Holland saved.
INFO:PlayerApi:Rondae Hollis-Jefferson saved.
INFO:PlayerApi:Richaun Holmes saved.
INFO:PlayerApi:Rodney Hood saved.
INFO:PlayerApi:Scotty Hopson saved.
INFO:PlayerApi:Al Horford saved.
INFO:PlayerApi:Danuel House saved.
INFO:PlayerApi:Dwight Howard saved.
INFO:PlayerApi:Josh Huestis saved.
INFO:PlayerApi:RJ Hunter saved.
INFO:PlayerApi:Vincent Hunter saved.
INFO:PlayerApi:Serge Ibaka saved.
INFO:PlayerApi:Andre Iguodala saved.
INFO:PlayerApi:Ersan Ilyasova saved.
INFO:PlayerApi:Joe Ingles saved.
INFO:PlayerApi:Andre Ingram saved.
INFO:PlayerApi:Brandon Ingram saved.
INFO:PlayerApi:Kyrie Irving saved.
INFO:PlayerApi:Jonathan Isaac saved.
INFO:PlayerApi:Wes Iwundu saved.
INFO:PlayerApi:Jarrett Jack saved.
INFO:PlayerApi:Aaron Jackson saved.
INFO:PlayerApi:Demetrius Jackson saved.
INFO:PlayerApi:Josh Jackson saved.
INFO:PlayerApi:Justin Jackson saved.
INFO:PlayerApi:Reggie Jackson saved.
INFO:PlayerApi:LeBron James saved.
INFO:PlayerApi:Mike James saved.
INFO:PlayerApi:Al Jefferson saved.
INFO:PlayerApi:Richard Jefferson saved.
INFO:PlayerApi:Brandon Jennings saved.
INFO:PlayerApi:Jonas Jerebko saved.
INFO:PlayerApi:Amir Johnson saved.
INFO:PlayerApi:Brice Johnson saved.
INFO:PlayerApi:Dakari Johnson saved.
INFO:PlayerApi:James Johnson saved.
INFO:PlayerApi:Joe Johnson saved.
INFO:PlayerApi:Omari Johnson saved.
INFO:PlayerApi:Stanley Johnson saved.
INFO:PlayerApi:Tyler Johnson saved.
INFO:PlayerApi:Wesley Johnson saved.
INFO:PlayerApi:Nikola Jokic saved.
INFO:PlayerApi:Damian Jones saved.
INFO:PlayerApi:Jalen Jones saved.
INFO:PlayerApi:Tyus Jones saved.
INFO:PlayerApi:Derrick Jones Jr. saved.
INFO:PlayerApi:DeAndre Jordan saved.
INFO:PlayerApi:Cory Joseph saved.
INFO:PlayerApi:Frank Kaminsky saved.
INFO:PlayerApi:Enes Kanter saved.
INFO:PlayerApi:Luke Kennard saved.
INFO:PlayerApi:Michael Kidd-Gilchrist saved.
INFO:PlayerApi:Sean Kilpatrick saved.
INFO:PlayerApi:Maxi Kleber saved.
INFO:PlayerApi:Furkan Korkmaz saved.
INFO:PlayerApi:Luke Kornet saved.
INFO:PlayerApi:Kyle Korver saved.
INFO:PlayerApi:Kosta Koufos saved.
INFO:PlayerApi:Kyle Kuzma saved.
INFO:PlayerApi:Mindaugas Kuzminskas saved.
INFO:PlayerApi:Zach LaVine saved.
INFO:PlayerApi:Skal Labissiere saved.
INFO:PlayerApi:Jeremy Lamb saved.
INFO:PlayerApi:Shane Larkin saved.
INFO:PlayerApi:Joffrey Lauvergne saved.
INFO:PlayerApi:Jake Layman saved.
INFO:PlayerApi:Caris LeVert saved.
INFO:PlayerApi:TJ Leaf saved.
INFO:PlayerApi:Courtney Lee saved.
INFO:PlayerApi:Damion Lee saved.
INFO:PlayerApi:Walter Lemon Jr. saved.
INFO:PlayerApi:Alex Len saved.
INFO:PlayerApi:Kawhi Leonard saved.
INFO:PlayerApi:Meyers Leonard saved.
INFO:PlayerApi:Jon Leuer saved.
INFO:PlayerApi:DeAndre Liggins saved.
INFO:PlayerApi:Damian Lillard saved.
INFO:PlayerApi:Jeremy Lin saved.
INFO:PlayerApi:Shaun Livingston saved.
INFO:PlayerApi:Kevon Looney saved.
INFO:PlayerApi:Brook Lopez saved.
INFO:PlayerApi:Robin Lopez saved.
INFO:PlayerApi:Kevin Love saved.
INFO:PlayerApi:Kyle Lowry saved.
INFO:PlayerApi:Timothe Luwawu-Cabarrot saved.
INFO:PlayerApi:Tyler Lydon saved.
INFO:PlayerApi:Trey Lyles saved.
INFO:PlayerApi:Shelvin Mack saved.
INFO:PlayerApi:Josh Magette saved.
INFO:PlayerApi:Ian Mahinmi saved.
INFO:PlayerApi:Thon Maker saved.
INFO:PlayerApi:Boban Marjanovic saved.
INFO:PlayerApi:Lauri Markkanen saved.
INFO:PlayerApi:Jarell Martin saved.
INFO:PlayerApi:Frank Mason saved.
INFO:PlayerApi:Mangok Mathiang saved.
INFO:PlayerApi:Wesley Matthews saved.
INFO:PlayerApi:Luc Mbah a Moute saved.
INFO:PlayerApi:James Michael McAdoo saved.
INFO:PlayerApi:Patrick McCaw saved.
INFO:PlayerApi:CJ McCollum saved.
INFO:PlayerApi:T.J. McConnell saved.
INFO:PlayerApi:Erik McCree saved.
INFO:PlayerApi:Chris McCullough saved.
INFO:PlayerApi:Doug McDermott saved.
INFO:PlayerApi:JaVale McGee saved.
INFO:PlayerApi:Rodney McGruder saved.
INFO:PlayerApi:Trey McKinney-Jones saved.
INFO:PlayerApi:Alfonzo McKinnie saved.
INFO:PlayerApi:Ben McLemore saved.
INFO:PlayerApi:Josh McRoberts saved.
INFO:PlayerApi:Jodie Meeks saved.
INFO:PlayerApi:Salah Mejri saved.
INFO:PlayerApi:Jordan Mickey saved.
INFO:PlayerApi:Khris Middleton saved.
INFO:PlayerApi:CJ Miles saved.
INFO:PlayerApi:Darius Miller saved.
INFO:PlayerApi:Malcolm Miller saved.
INFO:PlayerApi:Patty Mills saved.
INFO:PlayerApi:Paul Millsap saved.
INFO:PlayerApi:Nikola Mirotic saved.
INFO:PlayerApi:Donovan Mitchell saved.
INFO:PlayerApi:Naz Mitrou-Long saved.
INFO:PlayerApi:Malik Monk saved.
INFO:PlayerApi:Greg Monroe saved.
INFO:PlayerApi:Luis Montero saved.
INFO:PlayerApi:Ben Moore saved.
INFO:PlayerApi:E'Twaun Moore saved.
INFO:PlayerApi:Eric Moreland saved.
INFO:PlayerApi:Jaylen Morris saved.
INFO:PlayerApi:Marcus Morris saved.
INFO:PlayerApi:Markieff Morris saved.
INFO:PlayerApi:Monte Morris saved.
INFO:PlayerApi:Johnathan Motley saved.
INFO:PlayerApi:Timofey Mozgov saved.
INFO:PlayerApi:Emmanuel Mudiay saved.
INFO:PlayerApi:Shabazz Muhammad saved.
INFO:PlayerApi:Xavier Munford saved.
INFO:PlayerApi:Dejounte Murray saved.
INFO:PlayerApi:Jamal Murray saved.
INFO:PlayerApi:Mike Muscala saved.
INFO:PlayerApi:Abdel Nader saved.
INFO:PlayerApi:Larry Nance Jr. saved.
INFO:PlayerApi:Shabazz Napier saved.
INFO:PlayerApi:Jameer Nelson saved.
INFO:PlayerApi:Raul Neto saved.
INFO:PlayerApi:Georges Niang saved.
INFO:PlayerApi:Joakim Noah saved.
INFO:PlayerApi:Nerlens Noel saved.
INFO:PlayerApi:Lucas Nogueira saved.
INFO:PlayerApi:Dirk Nowitzki saved.
INFO:PlayerApi:Frank Ntilikina saved.
INFO:PlayerApi:Jusuf Nurkic saved.
INFO:PlayerApi:David Nwaba saved.
INFO:PlayerApi:Johnny O'Bryant III saved.
INFO:PlayerApi:Royce O'Neale saved.
INFO:PlayerApi:Kyle O'Quinn saved.
INFO:PlayerApi:Semi Ojeleye saved.
INFO:PlayerApi:Emeka Okafor saved.
INFO:PlayerApi:Jahlil Okafor saved.
INFO:PlayerApi:Victor Oladipo saved.
INFO:PlayerApi:Kelly Olynyk saved.
INFO:PlayerApi:Chinanu Onuaku saved.
INFO:PlayerApi:Cedi Osman saved.
INFO:PlayerApi:Kelly Oubre Jr. saved.
INFO:PlayerApi:Zaza Pachulia saved.
INFO:PlayerApi:Marcus Paige saved.
INFO:PlayerApi:Georgios Papagiannis saved.
INFO:PlayerApi:Jabari Parker saved.
INFO:PlayerApi:Tony Parker saved.
INFO:PlayerApi:Chandler Parsons saved.
INFO:PlayerApi:Patrick Patterson saved.
INFO:PlayerApi:Justin Patton saved.
INFO:PlayerApi:Brandon Paul saved.
INFO:PlayerApi:Chris Paul saved.
INFO:PlayerApi:Adreian Payne saved.
INFO:PlayerApi:Cameron Payne saved.
INFO:PlayerApi:Elfrid Payton saved.
INFO:PlayerApi:Gary Payton II saved.
INFO:PlayerApi:Kendrick Perkins saved.
INFO:PlayerApi:London Perrantes saved.
INFO:PlayerApi:Alec Peters saved.
INFO:PlayerApi:Marshall Plumlee saved.
INFO:PlayerApi:Mason Plumlee saved.
INFO:PlayerApi:Miles Plumlee saved.
INFO:PlayerApi:Jakob Poeltl saved.
INFO:PlayerApi:Quincy Pondexter saved.
INFO:PlayerApi:Otto Porter Jr. saved.
INFO:PlayerApi:Bobby Portis saved.
INFO:PlayerApi:Kristaps Porzingis saved.
INFO:PlayerApi:Dwight Powell saved.
INFO:PlayerApi:Norman Powell saved.
INFO:PlayerApi:Alex Poythress saved.
INFO:PlayerApi:Taurean Prince saved.
INFO:PlayerApi:Jacob Pullen saved.
INFO:PlayerApi:Rodney Purvis saved.
INFO:PlayerApi:Zhou Qi saved.
INFO:PlayerApi:Tim Quarterman saved.
INFO:PlayerApi:Ivan Rabb saved.
INFO:PlayerApi:Julius Randle saved.
INFO:PlayerApi:Zach Randolph saved.
INFO:PlayerApi:Xavier Rathan-Mayes saved.
INFO:PlayerApi:JJ Redick saved.
INFO:PlayerApi:Davon Reed saved.
INFO:PlayerApi:Willie Reed saved.
INFO:PlayerApi:Josh Richardson saved.
INFO:PlayerApi:Malachi Richardson saved.
INFO:PlayerApi:Austin Rivers saved.
INFO:PlayerApi:Andre Roberson saved.
INFO:PlayerApi:Devin Robinson saved.
INFO:PlayerApi:Glenn Robinson III saved.
INFO:PlayerApi:Rajon Rondo saved.
INFO:PlayerApi:Derrick Rose saved.
INFO:PlayerApi:Terrence Ross saved.
INFO:PlayerApi:Terry Rozier saved.
INFO:PlayerApi:Ricky Rubio saved.
INFO:PlayerApi:D'Angelo Russell saved.
INFO:PlayerApi:Domantas Sabonis saved.
INFO:PlayerApi:JaKarr Sampson saved.
INFO:PlayerApi:Dario Saric saved.
INFO:PlayerApi:Tomas Satoransky saved.
INFO:PlayerApi:Dennis Schroder saved.
INFO:PlayerApi:Mike Scott saved.
INFO:PlayerApi:Thabo Sefolosha saved.
INFO:PlayerApi:Wayne Selden saved.
INFO:PlayerApi:Ramon Sessions saved.
INFO:PlayerApi:Iman Shumpert saved.
INFO:PlayerApi:Pascal Siakam saved.
INFO:PlayerApi:Xavier Silas saved.
INFO:PlayerApi:Ben Simmons saved.
INFO:PlayerApi:Jonathon Simmons saved.
INFO:PlayerApi:Kobi Simmons saved.
INFO:PlayerApi:Kyle Singler saved.
INFO:PlayerApi:Marcus Smart saved.
INFO:PlayerApi:Ish Smith saved.
INFO:PlayerApi:JR Smith saved.
INFO:PlayerApi:Jason Smith saved.
INFO:PlayerApi:Josh Smith saved.
INFO:PlayerApi:Dennis Smith Jr. saved.
INFO:PlayerApi:Tony Snell saved.
INFO:PlayerApi:Marreese Speights saved.
INFO:PlayerApi:Nik Stauskas saved.
INFO:PlayerApi:Lance Stephenson saved.
INFO:PlayerApi:David Stockton saved.
INFO:PlayerApi:Julyan Stone saved.
INFO:PlayerApi:Edmond Sumner saved.
INFO:PlayerApi:Caleb Swanigan saved.
INFO:PlayerApi:Jayson Tatum saved.
INFO:PlayerApi:Isaiah Taylor saved.
INFO:PlayerApi:Jeff Teague saved.
INFO:PlayerApi:Marquis Teague saved.
INFO:PlayerApi:Mirza Teletovic saved.
INFO:PlayerApi:Garrett Temple saved.
INFO:PlayerApi:Milos Teodosic saved.
INFO:PlayerApi:Jason Terry saved.
INFO:PlayerApi:Daniel Theis saved.
INFO:PlayerApi:Isaiah Thomas saved.
INFO:PlayerApi:Lance Thomas saved.
INFO:PlayerApi:Klay Thompson saved.
INFO:PlayerApi:Tristan Thompson saved.
INFO:PlayerApi:Sindarius Thornwell saved.
INFO:PlayerApi:Anthony Tolliver saved.
INFO:PlayerApi:Karl-Anthony Towns saved.
INFO:PlayerApi:PJ Tucker saved.
INFO:PlayerApi:Evan Turner saved.
INFO:PlayerApi:Myles Turner saved.
INFO:PlayerApi:Ekpe Udoh saved.
INFO:PlayerApi:Tyler Ulis saved.
INFO:PlayerApi:Jonas Valanciunas saved.
INFO:PlayerApi:Denzel Valentine saved.
INFO:PlayerApi:Fred VanVleet saved.
INFO:PlayerApi:Rashad Vaughn saved.
INFO:PlayerApi:Noah Vonleh saved.
INFO:PlayerApi:Nikola Vucevic saved.
INFO:PlayerApi:Dwyane Wade saved.
INFO:PlayerApi:Dion Waiters saved.
INFO:PlayerApi:Kemba Walker saved.
INFO:PlayerApi:John Wall saved.
INFO:PlayerApi:Tyrone Wallace saved.
INFO:PlayerApi:Derrick Walton Jr. saved.
INFO:PlayerApi:Jameel Warney saved.
INFO:PlayerApi:TJ Warren saved.
INFO:PlayerApi:Travis Wear saved.
INFO:PlayerApi:James Webb III saved.
INFO:PlayerApi:Briante Weber saved.
INFO:PlayerApi:David West saved.
INFO:PlayerApi:Russell Westbrook saved.
INFO:PlayerApi:Derrick White saved.
INFO:PlayerApi:Okaro White saved.
INFO:PlayerApi:Andrew White III saved.
INFO:PlayerApi:Isaiah Whitehead saved.
INFO:PlayerApi:Hassan Whiteside saved.
INFO:PlayerApi:Andrew Wiggins saved.
INFO:PlayerApi:Jacob Wiley saved.
INFO:PlayerApi:Damien Wilkins saved.
INFO:PlayerApi:Alan Williams saved.
INFO:PlayerApi:C.J. Williams saved.
INFO:PlayerApi:Derrick Williams saved.
INFO:PlayerApi:Lou Williams saved.
INFO:PlayerApi:Marvin Williams saved.
INFO:PlayerApi:Troy Williams saved.
INFO:PlayerApi:Matt Williams Jr. saved.
INFO:PlayerApi:D.J. Wilson saved.
INFO:PlayerApi:Jamil Wilson saved.
INFO:PlayerApi:Justise Winslow saved.
INFO:PlayerApi:Jeff Withey saved.
INFO:PlayerApi:Nate Wolters saved.
INFO:PlayerApi:Brandan Wright saved.
INFO:PlayerApi:Delon Wright saved.
INFO:PlayerApi:Guerschon Yabusele saved.
INFO:PlayerApi:James Young saved.
INFO:PlayerApi:Joe Young saved.
INFO:PlayerApi:Nick Young saved.
INFO:PlayerApi:Thaddeus Young saved.
INFO:PlayerApi:Cody Zeller saved.
INFO:PlayerApi:Tyler Zeller saved.
INFO:PlayerApi:Paul Zipser saved.
INFO:PlayerApi:Ante Zizic saved.
INFO:PlayerApi:Ivica Zubac saved.
INFO:PlayerDownloader:All teams downloaded.
INFO:MyNBA:Players downloaded.
INFO:MyNBA:Downloading teams...
INFO:MyNBA:Downloading players...
INFO:MyNBA:Downloading players...
INFO:PlayerDownloader:All teams downloaded.
INFO:MyNBA:Players downloaded.
INFO:MyNBA:Downloading teams...
